2025-02-28 16:27:07 INFO  o.h.validator.internal.util.Version - HV000001: Hibernate Validator 8.0.1.Final
2025-02-28 16:27:07 INFO  g.q.r.c.ArtistControllerTest - Starting ArtistControllerTest using Java 21.0.4 with PID 3128 (started by user in D:\IdeaProjects\rococo\rococo-artist)
2025-02-28 16:27:07 INFO  g.q.r.c.ArtistControllerTest - The following 1 profile is active: "test"
2025-02-28 16:27:08 INFO  o.s.d.r.c.RepositoryConfigurationDelegate - Bootstrapping Spring Data JPA repositories in DEFAULT mode.
2025-02-28 16:27:08 INFO  o.s.d.r.c.RepositoryConfigurationDelegate - Finished Spring Data repository scanning in 111 ms. Found 1 JPA repository interface.
2025-02-28 16:27:08 INFO  o.s.cloud.context.scope.GenericScope - BeanFactory id=895fce87-c301-39c8-b222-bb9a711875e2
2025-02-28 16:27:08 WARN  o.s.c.s.PostProcessorRegistrationDelegate$BeanPostProcessorChecker - Bean 'org.springframework.ws.config.annotation.DelegatingWsConfiguration' of type [org.springframework.ws.config.annotation.DelegatingWsConfiguration$$SpringCGLIB$$0] is not eligible for getting processed by all BeanPostProcessors (for example: not eligible for auto-proxying). The currently created BeanPostProcessor [annotationActionEndpointMapping] is declared through a non-static factory method on that class; consider declaring it as static instead.
2025-02-28 16:27:08 INFO  o.s.w.s.a.s.AnnotationActionEndpointMapping - Supporting [WS-Addressing August 2004, WS-Addressing 1.0]
2025-02-28 16:27:09 INFO  o.s.b.w.e.tomcat.TomcatWebServer - Tomcat initialized with port 0 (http)
2025-02-28 16:27:09 INFO  o.a.coyote.http11.Http11NioProtocol - Initializing ProtocolHandler ["http-nio-auto-1"]
2025-02-28 16:27:09 INFO  o.a.catalina.core.StandardService - Starting service [Tomcat]
2025-02-28 16:27:09 INFO  o.a.catalina.core.StandardEngine - Starting Servlet engine: [Apache Tomcat/10.1.26]
2025-02-28 16:27:09 INFO  o.a.c.c.C.[Tomcat].[localhost].[/] - Initializing Spring embedded WebApplicationContext
2025-02-28 16:27:09 INFO  o.s.b.w.s.c.ServletWebServerApplicationContext - Root WebApplicationContext: initialization completed in 1903 ms
2025-02-28 16:27:09 INFO  o.h.jpa.internal.util.LogHelper - HHH000204: Processing PersistenceUnitInfo [name: default]
2025-02-28 16:27:09 INFO  org.hibernate.Version - HHH000412: Hibernate ORM core version 6.5.2.Final
2025-02-28 16:27:09 INFO  o.h.c.i.RegionFactoryInitiator - HHH000026: Second-level cache disabled
2025-02-28 16:27:09 INFO  o.s.o.j.p.SpringPersistenceUnitInfo - No LoadTimeWeaver setup: ignoring JPA class transformer
2025-02-28 16:27:09 WARN  com.zaxxer.hikari.HikariConfig - HikariPool-1 - maxLifetime is less than 30000ms, setting to default 1800000ms.
2025-02-28 16:27:09 INFO  com.zaxxer.hikari.HikariDataSource - HikariPool-1 - Starting...
2025-02-28 16:27:10 INFO  com.zaxxer.hikari.pool.HikariPool - HikariPool-1 - Added connection conn0: url=jdbc:h2:mem:rococo-artist user=SA
2025-02-28 16:27:10 INFO  com.zaxxer.hikari.HikariDataSource - HikariPool-1 - Start completed.
2025-02-28 16:27:10 WARN  org.hibernate.orm.deprecation - HHH90000025: H2Dialect does not need to be specified explicitly using 'hibernate.dialect' (remove the property setting and it will be selected by default)
2025-02-28 16:27:10 INFO  o.h.e.t.j.p.i.JtaPlatformInitiator - HHH000489: No JTA platform available (set 'hibernate.transaction.jta.platform' to enable JTA platform integration)
2025-02-28 16:27:10 INFO  o.s.o.j.LocalContainerEntityManagerFactoryBean - Initialized JPA EntityManagerFactory for persistence unit 'default'
2025-02-28 16:27:11 INFO  o.s.d.j.r.query.QueryEnhancerFactory - Hibernate is in classpath; If applicable, HQL parser will be used.
2025-02-28 16:27:12 INFO  o.a.c.c.C.[Tomcat].[localhost].[/] - Initializing Spring TestDispatcherServlet ''
2025-02-28 16:27:12 INFO  o.s.t.w.s.TestDispatcherServlet - Initializing Servlet ''
2025-02-28 16:27:12 INFO  o.s.b.a.e.web.EndpointLinksResolver - Exposing 1 endpoint beneath base path '/actuator'
2025-02-28 16:27:12 INFO  o.s.t.w.s.TestDispatcherServlet - Completed initialization in 21 ms
2025-02-28 16:27:13 INFO  o.a.coyote.http11.Http11NioProtocol - Starting ProtocolHandler ["http-nio-auto-1"]
2025-02-28 16:27:13 INFO  o.s.b.w.e.tomcat.TomcatWebServer - Tomcat started on port 60034 (http) with context path '/'
2025-02-28 16:27:13 INFO  g.q.r.c.ArtistControllerTest - Started ArtistControllerTest in 6.09 seconds (process running for 7.114)
2025-02-28 16:27:13 WARN  o.s.d.w.c.SpringDataJacksonConfiguration$PageModule$PlainPageSerializationWarning - Serializing PageImpl instances as-is is not supported, meaning that there is no guarantee about the stability of the resulting JSON structure!
	For a stable JSON structure, please use Spring Data's PagedModel (globally via @EnableSpringDataWebSupport(pageSerializationMode = VIA_DTO))
	or Spring HATEOAS and Spring Data's PagedResourcesAssembler as documented in https://docs.spring.io/spring-data/commons/reference/repositories/core-extensions.html#core.web.pageables.

2025-02-28 16:27:13 WARN  g.q.r.service.GlobalExceptionHandler - Resource not found: id: Художник не найден с id: 23056e63-5ac4-40bb-b194-02ec0ed005b9
2025-02-28 16:27:13 WARN  g.q.r.service.GlobalExceptionHandler - Bad request: id: ID художника обязателен для заполнения
2025-02-28 16:27:14 INFO  o.s.o.j.LocalContainerEntityManagerFactoryBean - Closing JPA EntityManagerFactory for persistence unit 'default'
2025-02-28 16:27:14 INFO  com.zaxxer.hikari.HikariDataSource - HikariPool-1 - Shutdown initiated...
2025-02-28 16:27:14 INFO  com.zaxxer.hikari.HikariDataSource - HikariPool-1 - Shutdown completed.
2025-02-28 16:31:05 INFO  o.h.validator.internal.util.Version - HV000001: Hibernate Validator 8.0.1.Final
2025-02-28 16:31:05 INFO  g.q.r.c.ArtistControllerTest - Starting ArtistControllerTest using Java 21.0.4 with PID 34508 (started by user in D:\IdeaProjects\rococo\rococo-artist)
2025-02-28 16:31:05 INFO  g.q.r.c.ArtistControllerTest - The following 1 profile is active: "test"
2025-02-28 16:31:06 INFO  o.s.d.r.c.RepositoryConfigurationDelegate - Bootstrapping Spring Data JPA repositories in DEFAULT mode.
2025-02-28 16:31:06 INFO  o.s.d.r.c.RepositoryConfigurationDelegate - Finished Spring Data repository scanning in 111 ms. Found 1 JPA repository interface.
2025-02-28 16:31:06 INFO  o.s.cloud.context.scope.GenericScope - BeanFactory id=895fce87-c301-39c8-b222-bb9a711875e2
2025-02-28 16:31:06 WARN  o.s.c.s.PostProcessorRegistrationDelegate$BeanPostProcessorChecker - Bean 'org.springframework.ws.config.annotation.DelegatingWsConfiguration' of type [org.springframework.ws.config.annotation.DelegatingWsConfiguration$$SpringCGLIB$$0] is not eligible for getting processed by all BeanPostProcessors (for example: not eligible for auto-proxying). The currently created BeanPostProcessor [annotationActionEndpointMapping] is declared through a non-static factory method on that class; consider declaring it as static instead.
2025-02-28 16:31:06 INFO  o.s.w.s.a.s.AnnotationActionEndpointMapping - Supporting [WS-Addressing August 2004, WS-Addressing 1.0]
2025-02-28 16:31:07 INFO  o.s.b.w.e.tomcat.TomcatWebServer - Tomcat initialized with port 0 (http)
2025-02-28 16:31:07 INFO  o.a.coyote.http11.Http11NioProtocol - Initializing ProtocolHandler ["http-nio-auto-1"]
2025-02-28 16:31:07 INFO  o.a.catalina.core.StandardService - Starting service [Tomcat]
2025-02-28 16:31:07 INFO  o.a.catalina.core.StandardEngine - Starting Servlet engine: [Apache Tomcat/10.1.26]
2025-02-28 16:31:07 INFO  o.a.c.c.C.[Tomcat].[localhost].[/] - Initializing Spring embedded WebApplicationContext
2025-02-28 16:31:07 INFO  o.s.b.w.s.c.ServletWebServerApplicationContext - Root WebApplicationContext: initialization completed in 1867 ms
2025-02-28 16:31:07 INFO  o.h.jpa.internal.util.LogHelper - HHH000204: Processing PersistenceUnitInfo [name: default]
2025-02-28 16:31:07 INFO  org.hibernate.Version - HHH000412: Hibernate ORM core version 6.5.2.Final
2025-02-28 16:31:07 INFO  o.h.c.i.RegionFactoryInitiator - HHH000026: Second-level cache disabled
2025-02-28 16:31:08 INFO  o.s.o.j.p.SpringPersistenceUnitInfo - No LoadTimeWeaver setup: ignoring JPA class transformer
2025-02-28 16:31:08 WARN  com.zaxxer.hikari.HikariConfig - HikariPool-1 - maxLifetime is less than 30000ms, setting to default 1800000ms.
2025-02-28 16:31:08 INFO  com.zaxxer.hikari.HikariDataSource - HikariPool-1 - Starting...
2025-02-28 16:31:08 INFO  com.zaxxer.hikari.pool.HikariPool - HikariPool-1 - Added connection conn0: url=jdbc:h2:mem:rococo-artist user=SA
2025-02-28 16:31:08 INFO  com.zaxxer.hikari.HikariDataSource - HikariPool-1 - Start completed.
2025-02-28 16:31:08 WARN  org.hibernate.orm.deprecation - HHH90000025: H2Dialect does not need to be specified explicitly using 'hibernate.dialect' (remove the property setting and it will be selected by default)
2025-02-28 16:31:09 INFO  o.h.e.t.j.p.i.JtaPlatformInitiator - HHH000489: No JTA platform available (set 'hibernate.transaction.jta.platform' to enable JTA platform integration)
2025-02-28 16:31:09 INFO  o.s.o.j.LocalContainerEntityManagerFactoryBean - Initialized JPA EntityManagerFactory for persistence unit 'default'
2025-02-28 16:31:09 INFO  o.s.d.j.r.query.QueryEnhancerFactory - Hibernate is in classpath; If applicable, HQL parser will be used.
2025-02-28 16:31:10 INFO  o.a.c.c.C.[Tomcat].[localhost].[/] - Initializing Spring TestDispatcherServlet ''
2025-02-28 16:31:10 INFO  o.s.t.w.s.TestDispatcherServlet - Initializing Servlet ''
2025-02-28 16:31:10 INFO  o.s.b.a.e.web.EndpointLinksResolver - Exposing 1 endpoint beneath base path '/actuator'
2025-02-28 16:31:10 INFO  o.s.t.w.s.TestDispatcherServlet - Completed initialization in 26 ms
2025-02-28 16:31:11 INFO  o.a.coyote.http11.Http11NioProtocol - Starting ProtocolHandler ["http-nio-auto-1"]
2025-02-28 16:31:11 INFO  o.s.b.w.e.tomcat.TomcatWebServer - Tomcat started on port 60888 (http) with context path '/'
2025-02-28 16:31:11 INFO  g.q.r.c.ArtistControllerTest - Started ArtistControllerTest in 5.965 seconds (process running for 6.942)
2025-02-28 16:31:11 WARN  o.s.d.w.c.SpringDataJacksonConfiguration$PageModule$PlainPageSerializationWarning - Serializing PageImpl instances as-is is not supported, meaning that there is no guarantee about the stability of the resulting JSON structure!
	For a stable JSON structure, please use Spring Data's PagedModel (globally via @EnableSpringDataWebSupport(pageSerializationMode = VIA_DTO))
	or Spring HATEOAS and Spring Data's PagedResourcesAssembler as documented in https://docs.spring.io/spring-data/commons/reference/repositories/core-extensions.html#core.web.pageables.

2025-02-28 16:31:11 WARN  g.q.r.service.GlobalExceptionHandler - Resource not found: id: Художник не найден с id: 699a42e0-ec46-4819-ac16-9b2842ebd253
2025-02-28 16:31:11 WARN  g.q.r.service.GlobalExceptionHandler - Bad request: id: ID художника обязателен для заполнения
2025-02-28 16:31:12 INFO  o.s.o.j.LocalContainerEntityManagerFactoryBean - Closing JPA EntityManagerFactory for persistence unit 'default'
2025-02-28 16:31:12 INFO  com.zaxxer.hikari.HikariDataSource - HikariPool-1 - Shutdown initiated...
2025-02-28 16:31:12 INFO  com.zaxxer.hikari.HikariDataSource - HikariPool-1 - Shutdown completed.
2025-02-28 16:53:41 INFO  o.h.validator.internal.util.Version - HV000001: Hibernate Validator 8.0.1.Final
2025-02-28 16:53:41 INFO  g.q.r.c.ArtistControllerTest - Starting ArtistControllerTest using Java 21.0.4 with PID 31216 (started by user in D:\IdeaProjects\rococo\rococo-artist)
2025-02-28 16:53:41 INFO  g.q.r.c.ArtistControllerTest - The following 1 profile is active: "test"
2025-02-28 16:53:41 INFO  o.s.d.r.c.RepositoryConfigurationDelegate - Bootstrapping Spring Data JPA repositories in DEFAULT mode.
2025-02-28 16:53:42 INFO  o.s.d.r.c.RepositoryConfigurationDelegate - Finished Spring Data repository scanning in 103 ms. Found 1 JPA repository interface.
2025-02-28 16:53:42 INFO  o.s.cloud.context.scope.GenericScope - BeanFactory id=895fce87-c301-39c8-b222-bb9a711875e2
2025-02-28 16:53:42 WARN  o.s.c.s.PostProcessorRegistrationDelegate$BeanPostProcessorChecker - Bean 'org.springframework.ws.config.annotation.DelegatingWsConfiguration' of type [org.springframework.ws.config.annotation.DelegatingWsConfiguration$$SpringCGLIB$$0] is not eligible for getting processed by all BeanPostProcessors (for example: not eligible for auto-proxying). The currently created BeanPostProcessor [annotationActionEndpointMapping] is declared through a non-static factory method on that class; consider declaring it as static instead.
2025-02-28 16:53:42 INFO  o.s.w.s.a.s.AnnotationActionEndpointMapping - Supporting [WS-Addressing August 2004, WS-Addressing 1.0]
2025-02-28 16:53:42 INFO  o.s.b.w.e.tomcat.TomcatWebServer - Tomcat initialized with port 0 (http)
2025-02-28 16:53:42 INFO  o.a.coyote.http11.Http11NioProtocol - Initializing ProtocolHandler ["http-nio-auto-1"]
2025-02-28 16:53:42 INFO  o.a.catalina.core.StandardService - Starting service [Tomcat]
2025-02-28 16:53:42 INFO  o.a.catalina.core.StandardEngine - Starting Servlet engine: [Apache Tomcat/10.1.26]
2025-02-28 16:53:42 INFO  o.a.c.c.C.[Tomcat].[localhost].[/] - Initializing Spring embedded WebApplicationContext
2025-02-28 16:53:42 INFO  o.s.b.w.s.c.ServletWebServerApplicationContext - Root WebApplicationContext: initialization completed in 1845 ms
2025-02-28 16:53:43 INFO  o.h.jpa.internal.util.LogHelper - HHH000204: Processing PersistenceUnitInfo [name: default]
2025-02-28 16:53:43 INFO  org.hibernate.Version - HHH000412: Hibernate ORM core version 6.5.2.Final
2025-02-28 16:53:43 INFO  o.h.c.i.RegionFactoryInitiator - HHH000026: Second-level cache disabled
2025-02-28 16:53:43 INFO  o.s.o.j.p.SpringPersistenceUnitInfo - No LoadTimeWeaver setup: ignoring JPA class transformer
2025-02-28 16:53:43 WARN  com.zaxxer.hikari.HikariConfig - HikariPool-1 - maxLifetime is less than 30000ms, setting to default 1800000ms.
2025-02-28 16:53:43 INFO  com.zaxxer.hikari.HikariDataSource - HikariPool-1 - Starting...
2025-02-28 16:53:43 INFO  com.zaxxer.hikari.pool.HikariPool - HikariPool-1 - Added connection conn0: url=jdbc:h2:mem:rococo-artist user=SA
2025-02-28 16:53:43 INFO  com.zaxxer.hikari.HikariDataSource - HikariPool-1 - Start completed.
2025-02-28 16:53:43 WARN  org.hibernate.orm.deprecation - HHH90000025: H2Dialect does not need to be specified explicitly using 'hibernate.dialect' (remove the property setting and it will be selected by default)
2025-02-28 16:53:44 INFO  o.h.e.t.j.p.i.JtaPlatformInitiator - HHH000489: No JTA platform available (set 'hibernate.transaction.jta.platform' to enable JTA platform integration)
2025-02-28 16:53:44 INFO  o.s.o.j.LocalContainerEntityManagerFactoryBean - Initialized JPA EntityManagerFactory for persistence unit 'default'
2025-02-28 16:53:44 INFO  o.s.d.j.r.query.QueryEnhancerFactory - Hibernate is in classpath; If applicable, HQL parser will be used.
2025-02-28 16:53:46 INFO  o.a.c.c.C.[Tomcat].[localhost].[/] - Initializing Spring TestDispatcherServlet ''
2025-02-28 16:53:46 INFO  o.s.t.w.s.TestDispatcherServlet - Initializing Servlet ''
2025-02-28 16:53:46 INFO  o.s.b.a.e.web.EndpointLinksResolver - Exposing 1 endpoint beneath base path '/actuator'
2025-02-28 16:53:46 INFO  o.s.t.w.s.TestDispatcherServlet - Completed initialization in 27 ms
2025-02-28 16:53:46 INFO  o.a.coyote.http11.Http11NioProtocol - Starting ProtocolHandler ["http-nio-auto-1"]
2025-02-28 16:53:46 INFO  o.s.b.w.e.tomcat.TomcatWebServer - Tomcat started on port 62892 (http) with context path '/'
2025-02-28 16:53:46 INFO  g.q.r.c.ArtistControllerTest - Started ArtistControllerTest in 5.916 seconds (process running for 6.896)
2025-02-28 16:53:47 WARN  o.s.d.w.c.SpringDataJacksonConfiguration$PageModule$PlainPageSerializationWarning - Serializing PageImpl instances as-is is not supported, meaning that there is no guarantee about the stability of the resulting JSON structure!
	For a stable JSON structure, please use Spring Data's PagedModel (globally via @EnableSpringDataWebSupport(pageSerializationMode = VIA_DTO))
	or Spring HATEOAS and Spring Data's PagedResourcesAssembler as documented in https://docs.spring.io/spring-data/commons/reference/repositories/core-extensions.html#core.web.pageables.

2025-02-28 16:53:47 WARN  g.q.r.service.GlobalExceptionHandler - Resource not found: id: Художник не найден с id: b434d791-caba-423b-8d1d-cf69578a66a9
2025-02-28 16:53:47 WARN  g.q.r.service.GlobalExceptionHandler - Bad request: id: ID художника обязателен для заполнения
2025-02-28 16:53:47 INFO  o.s.o.j.LocalContainerEntityManagerFactoryBean - Closing JPA EntityManagerFactory for persistence unit 'default'
2025-02-28 16:53:47 INFO  com.zaxxer.hikari.HikariDataSource - HikariPool-1 - Shutdown initiated...
2025-02-28 16:53:47 INFO  com.zaxxer.hikari.HikariDataSource - HikariPool-1 - Shutdown completed.
2025-02-28 17:11:27 INFO  o.h.validator.internal.util.Version - HV000001: Hibernate Validator 8.0.1.Final
2025-02-28 17:11:27 INFO  g.q.r.c.ArtistControllerTest - Starting ArtistControllerTest using Java 21.0.4 with PID 21084 (started by user in D:\IdeaProjects\rococo\rococo-artist)
2025-02-28 17:11:27 INFO  g.q.r.c.ArtistControllerTest - The following 1 profile is active: "test"
2025-02-28 17:11:28 INFO  o.s.d.r.c.RepositoryConfigurationDelegate - Bootstrapping Spring Data JPA repositories in DEFAULT mode.
2025-02-28 17:11:28 INFO  o.s.d.r.c.RepositoryConfigurationDelegate - Finished Spring Data repository scanning in 127 ms. Found 1 JPA repository interface.
2025-02-28 17:11:29 INFO  o.s.cloud.context.scope.GenericScope - BeanFactory id=895fce87-c301-39c8-b222-bb9a711875e2
2025-02-28 17:11:29 WARN  o.s.c.s.PostProcessorRegistrationDelegate$BeanPostProcessorChecker - Bean 'org.springframework.ws.config.annotation.DelegatingWsConfiguration' of type [org.springframework.ws.config.annotation.DelegatingWsConfiguration$$SpringCGLIB$$0] is not eligible for getting processed by all BeanPostProcessors (for example: not eligible for auto-proxying). The currently created BeanPostProcessor [annotationActionEndpointMapping] is declared through a non-static factory method on that class; consider declaring it as static instead.
2025-02-28 17:11:29 INFO  o.s.w.s.a.s.AnnotationActionEndpointMapping - Supporting [WS-Addressing August 2004, WS-Addressing 1.0]
2025-02-28 17:11:30 INFO  o.s.b.w.e.tomcat.TomcatWebServer - Tomcat initialized with port 0 (http)
2025-02-28 17:11:30 INFO  o.a.coyote.http11.Http11NioProtocol - Initializing ProtocolHandler ["http-nio-auto-1"]
2025-02-28 17:11:30 INFO  o.a.catalina.core.StandardService - Starting service [Tomcat]
2025-02-28 17:11:30 INFO  o.a.catalina.core.StandardEngine - Starting Servlet engine: [Apache Tomcat/10.1.26]
2025-02-28 17:11:30 INFO  o.a.c.c.C.[Tomcat].[localhost].[/] - Initializing Spring embedded WebApplicationContext
2025-02-28 17:11:30 INFO  o.s.b.w.s.c.ServletWebServerApplicationContext - Root WebApplicationContext: initialization completed in 2398 ms
2025-02-28 17:11:30 INFO  o.h.jpa.internal.util.LogHelper - HHH000204: Processing PersistenceUnitInfo [name: default]
2025-02-28 17:11:30 INFO  org.hibernate.Version - HHH000412: Hibernate ORM core version 6.5.2.Final
2025-02-28 17:11:30 INFO  o.h.c.i.RegionFactoryInitiator - HHH000026: Second-level cache disabled
2025-02-28 17:11:31 INFO  o.s.o.j.p.SpringPersistenceUnitInfo - No LoadTimeWeaver setup: ignoring JPA class transformer
2025-02-28 17:11:31 WARN  com.zaxxer.hikari.HikariConfig - HikariPool-1 - maxLifetime is less than 30000ms, setting to default 1800000ms.
2025-02-28 17:11:31 INFO  com.zaxxer.hikari.HikariDataSource - HikariPool-1 - Starting...
2025-02-28 17:11:31 INFO  com.zaxxer.hikari.pool.HikariPool - HikariPool-1 - Added connection conn0: url=jdbc:h2:mem:rococo-artist user=SA
2025-02-28 17:11:31 INFO  com.zaxxer.hikari.HikariDataSource - HikariPool-1 - Start completed.
2025-02-28 17:11:31 WARN  org.hibernate.orm.deprecation - HHH90000025: H2Dialect does not need to be specified explicitly using 'hibernate.dialect' (remove the property setting and it will be selected by default)
2025-02-28 17:11:32 INFO  o.h.e.t.j.p.i.JtaPlatformInitiator - HHH000489: No JTA platform available (set 'hibernate.transaction.jta.platform' to enable JTA platform integration)
2025-02-28 17:11:32 INFO  o.s.o.j.LocalContainerEntityManagerFactoryBean - Initialized JPA EntityManagerFactory for persistence unit 'default'
2025-02-28 17:11:33 INFO  o.s.d.j.r.query.QueryEnhancerFactory - Hibernate is in classpath; If applicable, HQL parser will be used.
2025-02-28 17:11:35 INFO  o.a.c.c.C.[Tomcat].[localhost].[/] - Initializing Spring TestDispatcherServlet ''
2025-02-28 17:11:35 INFO  o.s.t.w.s.TestDispatcherServlet - Initializing Servlet ''
2025-02-28 17:11:35 INFO  o.s.b.a.e.web.EndpointLinksResolver - Exposing 1 endpoint beneath base path '/actuator'
2025-02-28 17:11:35 INFO  o.s.t.w.s.TestDispatcherServlet - Completed initialization in 21 ms
2025-02-28 17:11:35 INFO  o.a.coyote.http11.Http11NioProtocol - Starting ProtocolHandler ["http-nio-auto-1"]
2025-02-28 17:11:35 INFO  o.s.b.w.e.tomcat.TomcatWebServer - Tomcat started on port 65152 (http) with context path '/'
2025-02-28 17:11:35 INFO  g.q.r.c.ArtistControllerTest - Started ArtistControllerTest in 8.072 seconds (process running for 9.775)
2025-02-28 17:11:35 WARN  o.s.d.w.c.SpringDataJacksonConfiguration$PageModule$PlainPageSerializationWarning - Serializing PageImpl instances as-is is not supported, meaning that there is no guarantee about the stability of the resulting JSON structure!
	For a stable JSON structure, please use Spring Data's PagedModel (globally via @EnableSpringDataWebSupport(pageSerializationMode = VIA_DTO))
	or Spring HATEOAS and Spring Data's PagedResourcesAssembler as documented in https://docs.spring.io/spring-data/commons/reference/repositories/core-extensions.html#core.web.pageables.

2025-02-28 17:11:36 WARN  g.q.r.service.GlobalExceptionHandler - Resource not found: id: Художник не найден с id: c7c281c2-175d-467b-a339-97d21770c934
2025-02-28 17:11:36 WARN  g.q.r.service.GlobalExceptionHandler - Bad request: id: ID художника обязателен для заполнения
2025-02-28 17:11:36 INFO  o.s.o.j.LocalContainerEntityManagerFactoryBean - Closing JPA EntityManagerFactory for persistence unit 'default'
2025-02-28 17:11:36 INFO  com.zaxxer.hikari.HikariDataSource - HikariPool-1 - Shutdown initiated...
2025-02-28 17:11:36 INFO  com.zaxxer.hikari.HikariDataSource - HikariPool-1 - Shutdown completed.
